<?xml version="1.0" encoding="UTF-8"?>
<!-- Generated by org.testng.reporters.JUnitReportReporter -->
<testsuite skipped="0" hostname="DESKTOP-96N3CIS" name="com.harman.test.LoginUserInterfaceTest" tests="10" failures="0" timestamp="2022-04-20T10:25:17 IST" time="0.016" errors="0">
  <testcase name="validateTitleTest" time="0.001" classname="com.harman.test.LoginUserInterfaceTest"/>
  <system-out/>
  <testcase name="validateTitleTest" time="0.007" classname="com.harman.test.LoginUserInterfaceTest"/>
  <system-out/>
  <testcase name="validateTitleTest" time="0.001" classname="com.harman.test.LoginUserInterfaceTest"/>
  <system-out/>
  <testcase name="validateTitleTest" time="0.001" classname="com.harman.test.LoginUserInterfaceTest"/>
  <system-out/>
  <testcase name="validateTitleTest" time="0.001" classname="com.harman.test.LoginUserInterfaceTest"/>
  <system-out/>
  <testcase name="validateTitleTest" time="0.001" classname="com.harman.test.LoginUserInterfaceTest"/>
  <system-out/>
  <testcase name="validateTitleTest" time="0.001" classname="com.harman.test.LoginUserInterfaceTest"/>
  <system-out/>
  <testcase name="validateTitleTest" time="0.000" classname="com.harman.test.LoginUserInterfaceTest"/>
  <system-out/>
  <testcase name="validateTitleTest" time="0.002" classname="com.harman.test.LoginUserInterfaceTest"/>
  <system-out/>
  <testcase name="validateTitleTest" time="0.001" classname="com.harman.test.LoginUserInterfaceTest"/>
  <system-out/>
</testsuite> <!-- com.harman.test.LoginUserInterfaceTest -->
